<?xml version="1.0" encoding="UTF-8"?><testrun name="AllTests (1)" project="Exemplo 15" tests="36" started="36" failures="3" errors="0" ignored="0">
  <testsuite name="test.AllTests" time="0.013">
    <testsuite name="test.Parametrizado2Test" time="0.0">
      <testsuite name="[0]" time="0.0">
        <testcase name="test[0]" classname="test.Parametrizado2Test" time="0.0"/>
      </testsuite>
      <testsuite name="[1]" time="0.0">
        <testcase name="test[1]" classname="test.Parametrizado2Test" time="0.0"/>
      </testsuite>
      <testsuite name="[2]" time="0.0">
        <testcase name="test[2]" classname="test.Parametrizado2Test" time="0.0"/>
      </testsuite>
    </testsuite>
    <testsuite name="test.parametrizadoTest" time="0.0">
      <testsuite name="[0]" time="0.0">
        <testcase name="TestConcatenar[0]" classname="test.parametrizadoTest" time="0.0"/>
      </testsuite>
      <testsuite name="[1]" time="0.0">
        <testcase name="TestConcatenar[1]" classname="test.parametrizadoTest" time="0.0"/>
      </testsuite>
      <testsuite name="[2]" time="0.0">
        <testcase name="TestConcatenar[2]" classname="test.parametrizadoTest" time="0.0"/>
      </testsuite>
      <testsuite name="[3]" time="0.0">
        <testcase name="TestConcatenar[3]" classname="test.parametrizadoTest" time="0.0"/>
      </testsuite>
      <testsuite name="[4]" time="0.0">
        <testcase name="TestConcatenar[4]" classname="test.parametrizadoTest" time="0.0"/>
      </testsuite>
    </testsuite>
    <testsuite name="test.PessoaTest" time="0.0">
      <testcase name="testGetIdPessoa" classname="test.PessoaTest" time="0.0"/>
      <testcase name="testGetNome" classname="test.PessoaTest" time="0.0"/>
      <testcase name="testGetSobreNome" classname="test.PessoaTest" time="0.0"/>
    </testsuite>
    <testsuite name="test.PessoaTest2" time="0.0">
      <testcase name="testGetNome" classname="test.PessoaTest2" time="0.0"/>
      <testcase name="testGetIdPessoa" classname="test.PessoaTest2" time="0.0"/>
    </testsuite>
    <testsuite name="test.UtilArraysP1Test" time="0.004">
      <testsuite name="[0]" time="0.003">
        <testcase name="testSuma[0]" classname="test.UtilArraysP1Test" time="0.003"/>
      </testsuite>
      <testsuite name="[1]" time="0.0">
        <testcase name="testSuma[1]" classname="test.UtilArraysP1Test" time="0.0"/>
      </testsuite>
      <testsuite name="[2]" time="0.0">
        <testcase name="testSuma[2]" classname="test.UtilArraysP1Test" time="0.0"/>
      </testsuite>
      <testsuite name="[3]" time="0.0">
        <testcase name="testSuma[3]" classname="test.UtilArraysP1Test" time="0.0"/>
      </testsuite>
      <testsuite name="[4]" time="0.0">
        <testcase name="testSuma[4]" classname="test.UtilArraysP1Test" time="0.0"/>
      </testsuite>
    </testsuite>
    <testsuite name="test.UtilArraysTest" time="0.004">
      <testcase name="testConcatenar" classname="test.UtilArraysTest" time="0.0"/>
      <testcase name="testConcatenar_2" classname="test.UtilArraysTest" time="0.0"/>
      <testcase name="testConcatenar_3" classname="test.UtilArraysTest" time="0.0"/>
      <testcase name="testConcatenar_4" classname="test.UtilArraysTest" time="0.0"/>
      <testcase name="testConditionBoolean_1" classname="test.UtilArraysTest" time="0.0"/>
      <testcase name="testConditionBoolean_2" classname="test.UtilArraysTest" time="0.001"/>
      <testcase name="testGetArrayString_1" classname="test.UtilArraysTest" time="0.001"/>
      <testcase name="testGetArrayString_2" classname="test.UtilArraysTest" time="0.0"/>
      <testcase name="testGetArrayString_3" classname="test.UtilArraysTest" time="0.001"/>
      <testcase name="testGetArrayString_4" classname="test.UtilArraysTest" time="0.0"/>
      <testcase name="testGetArrayString_5" classname="test.UtilArraysTest" time="0.0"/>
      <testcase name="testGetArrayString_6" classname="test.UtilArraysTest" time="0.0"/>
      <testcase name="testGetArrayString_7" classname="test.UtilArraysTest" time="0.0"/>
      <testcase name="testGetArrayString_8" classname="test.UtilArraysTest" time="0.0"/>
      <testcase name="testSuma" classname="test.UtilArraysTest" time="0.001"/>
    </testsuite>
    <testsuite name="test.UtilidadesLibreriaTest" time="0.005">
      <testsuite name="testParametros" time="0.005">
        <testcase name="testParametros" classname="001,Carlos,Ramirez" time="0.004">
          <failure>java.lang.AssertionError: expected: java.util.ArrayList&lt;[com.mycompany.myapp.dto.Pessoa: idPessoa=1, nome=Carlos, sobrenome=Ramirez]&gt; but was: java.util.ArrayList&lt;[com.mycompany.myapp.dto.Pessoa: idPessoa=1, nome=Carlos, sobrenome=Ramirez]&gt;
	at org.junit.Assert.fail(Assert.java:88)
	at org.junit.Assert.failNotEquals(Assert.java:834)
	at org.junit.Assert.assertEquals(Assert.java:118)
	at org.junit.Assert.assertEquals(Assert.java:144)
	at test.UtilidadesLibreriaTest.testParametros(UtilidadesLibreriaTest.java:35)
	at sun.reflect.NativeMethodAccessorImpl.invoke0(Native Method)
	at sun.reflect.NativeMethodAccessorImpl.invoke(NativeMethodAccessorImpl.java:62)
	at sun.reflect.DelegatingMethodAccessorImpl.invoke(DelegatingMethodAccessorImpl.java:43)
	at java.lang.reflect.Method.invoke(Method.java:498)
	at org.junit.runners.model.FrameworkMethod$1.runReflectiveCall(FrameworkMethod.java:50)
	at org.junit.internal.runners.model.ReflectiveCallable.run(ReflectiveCallable.java:12)
	at org.junit.runners.model.FrameworkMethod.invokeExplosively(FrameworkMethod.java:47)
	at junitparams.internal.InvokeParameterisedMethod.evaluate(InvokeParameterisedMethod.java:234)
	at junitparams.internal.ParameterisedTestMethodRunner.runMethodInvoker(ParameterisedTestMethodRunner.java:47)
	at junitparams.internal.ParameterisedTestMethodRunner.runTestMethod(ParameterisedTestMethodRunner.java:40)
	at junitparams.internal.ParameterisedTestClassRunner.runParameterisedTest(ParameterisedTestClassRunner.java:146)
	at junitparams.JUnitParamsRunner.runChild(JUnitParamsRunner.java:446)
	at junitparams.JUnitParamsRunner.runChild(JUnitParamsRunner.java:393)
	at org.junit.runners.ParentRunner$3.run(ParentRunner.java:290)
	at org.junit.runners.ParentRunner$1.schedule(ParentRunner.java:71)
	at org.junit.runners.ParentRunner.runChildren(ParentRunner.java:288)
	at org.junit.runners.ParentRunner.access$000(ParentRunner.java:58)
	at org.junit.runners.ParentRunner$2.evaluate(ParentRunner.java:268)
	at org.junit.runners.ParentRunner.run(ParentRunner.java:363)
	at org.junit.runners.Suite.runChild(Suite.java:128)
	at org.junit.runners.Suite.runChild(Suite.java:27)
	at org.junit.runners.ParentRunner$3.run(ParentRunner.java:290)
	at org.junit.runners.ParentRunner$1.schedule(ParentRunner.java:71)
	at org.junit.runners.ParentRunner.runChildren(ParentRunner.java:288)
	at org.junit.runners.ParentRunner.access$000(ParentRunner.java:58)
	at org.junit.runners.ParentRunner$2.evaluate(ParentRunner.java:268)
	at org.junit.runners.ParentRunner.run(ParentRunner.java:363)
	at org.eclipse.jdt.internal.junit4.runner.JUnit4TestReference.run(JUnit4TestReference.java:50)
	at org.eclipse.jdt.internal.junit.runner.TestExecution.run(TestExecution.java:38)
	at org.eclipse.jdt.internal.junit.runner.RemoteTestRunner.runTests(RemoteTestRunner.java:467)
	at org.eclipse.jdt.internal.junit.runner.RemoteTestRunner.runTests(RemoteTestRunner.java:683)
	at org.eclipse.jdt.internal.junit.runner.RemoteTestRunner.run(RemoteTestRunner.java:390)
	at org.eclipse.jdt.internal.junit.runner.RemoteTestRunner.main(RemoteTestRunner.java:197)

</failure>
        </testcase>
        <testcase name="testParametros" classname="002,Maria,Gomez" time="0.001">
          <failure>java.lang.AssertionError: expected: java.util.ArrayList&lt;[com.mycompany.myapp.dto.Pessoa: idPessoa=2, nome=Maria, sobrenome=Gomez]&gt; but was: java.util.ArrayList&lt;[com.mycompany.myapp.dto.Pessoa: idPessoa=2, nome=Maria, sobrenome=Gomez]&gt;
	at org.junit.Assert.fail(Assert.java:88)
	at org.junit.Assert.failNotEquals(Assert.java:834)
	at org.junit.Assert.assertEquals(Assert.java:118)
	at org.junit.Assert.assertEquals(Assert.java:144)
	at test.UtilidadesLibreriaTest.testParametros(UtilidadesLibreriaTest.java:35)
	at sun.reflect.NativeMethodAccessorImpl.invoke0(Native Method)
	at sun.reflect.NativeMethodAccessorImpl.invoke(NativeMethodAccessorImpl.java:62)
	at sun.reflect.DelegatingMethodAccessorImpl.invoke(DelegatingMethodAccessorImpl.java:43)
	at java.lang.reflect.Method.invoke(Method.java:498)
	at org.junit.runners.model.FrameworkMethod$1.runReflectiveCall(FrameworkMethod.java:50)
	at org.junit.internal.runners.model.ReflectiveCallable.run(ReflectiveCallable.java:12)
	at org.junit.runners.model.FrameworkMethod.invokeExplosively(FrameworkMethod.java:47)
	at junitparams.internal.InvokeParameterisedMethod.evaluate(InvokeParameterisedMethod.java:234)
	at junitparams.internal.ParameterisedTestMethodRunner.runMethodInvoker(ParameterisedTestMethodRunner.java:47)
	at junitparams.internal.ParameterisedTestMethodRunner.runTestMethod(ParameterisedTestMethodRunner.java:40)
	at junitparams.internal.ParameterisedTestClassRunner.runParameterisedTest(ParameterisedTestClassRunner.java:146)
	at junitparams.JUnitParamsRunner.runChild(JUnitParamsRunner.java:446)
	at junitparams.JUnitParamsRunner.runChild(JUnitParamsRunner.java:393)
	at org.junit.runners.ParentRunner$3.run(ParentRunner.java:290)
	at org.junit.runners.ParentRunner$1.schedule(ParentRunner.java:71)
	at org.junit.runners.ParentRunner.runChildren(ParentRunner.java:288)
	at org.junit.runners.ParentRunner.access$000(ParentRunner.java:58)
	at org.junit.runners.ParentRunner$2.evaluate(ParentRunner.java:268)
	at org.junit.runners.ParentRunner.run(ParentRunner.java:363)
	at org.junit.runners.Suite.runChild(Suite.java:128)
	at org.junit.runners.Suite.runChild(Suite.java:27)
	at org.junit.runners.ParentRunner$3.run(ParentRunner.java:290)
	at org.junit.runners.ParentRunner$1.schedule(ParentRunner.java:71)
	at org.junit.runners.ParentRunner.runChildren(ParentRunner.java:288)
	at org.junit.runners.ParentRunner.access$000(ParentRunner.java:58)
	at org.junit.runners.ParentRunner$2.evaluate(ParentRunner.java:268)
	at org.junit.runners.ParentRunner.run(ParentRunner.java:363)
	at org.eclipse.jdt.internal.junit4.runner.JUnit4TestReference.run(JUnit4TestReference.java:50)
	at org.eclipse.jdt.internal.junit.runner.TestExecution.run(TestExecution.java:38)
	at org.eclipse.jdt.internal.junit.runner.RemoteTestRunner.runTests(RemoteTestRunner.java:467)
	at org.eclipse.jdt.internal.junit.runner.RemoteTestRunner.runTests(RemoteTestRunner.java:683)
	at org.eclipse.jdt.internal.junit.runner.RemoteTestRunner.run(RemoteTestRunner.java:390)
	at org.eclipse.jdt.internal.junit.runner.RemoteTestRunner.main(RemoteTestRunner.java:197)

</failure>
        </testcase>
        <testcase name="testParametros" classname="003, Fernanda, Jaimes" time="0.0">
          <failure>java.lang.AssertionError: expected: java.util.ArrayList&lt;[com.mycompany.myapp.dto.Pessoa: idPessoa=3, nome=Fernanda, sobrenome=Jaimes]&gt; but was: java.util.ArrayList&lt;[com.mycompany.myapp.dto.Pessoa: idPessoa=3, nome=Fernanda, sobrenome=Jaimes]&gt;
	at org.junit.Assert.fail(Assert.java:88)
	at org.junit.Assert.failNotEquals(Assert.java:834)
	at org.junit.Assert.assertEquals(Assert.java:118)
	at org.junit.Assert.assertEquals(Assert.java:144)
	at test.UtilidadesLibreriaTest.testParametros(UtilidadesLibreriaTest.java:35)
	at sun.reflect.NativeMethodAccessorImpl.invoke0(Native Method)
	at sun.reflect.NativeMethodAccessorImpl.invoke(NativeMethodAccessorImpl.java:62)
	at sun.reflect.DelegatingMethodAccessorImpl.invoke(DelegatingMethodAccessorImpl.java:43)
	at java.lang.reflect.Method.invoke(Method.java:498)
	at org.junit.runners.model.FrameworkMethod$1.runReflectiveCall(FrameworkMethod.java:50)
	at org.junit.internal.runners.model.ReflectiveCallable.run(ReflectiveCallable.java:12)
	at org.junit.runners.model.FrameworkMethod.invokeExplosively(FrameworkMethod.java:47)
	at junitparams.internal.InvokeParameterisedMethod.evaluate(InvokeParameterisedMethod.java:234)
	at junitparams.internal.ParameterisedTestMethodRunner.runMethodInvoker(ParameterisedTestMethodRunner.java:47)
	at junitparams.internal.ParameterisedTestMethodRunner.runTestMethod(ParameterisedTestMethodRunner.java:40)
	at junitparams.internal.ParameterisedTestClassRunner.runParameterisedTest(ParameterisedTestClassRunner.java:146)
	at junitparams.JUnitParamsRunner.runChild(JUnitParamsRunner.java:446)
	at junitparams.JUnitParamsRunner.runChild(JUnitParamsRunner.java:393)
	at org.junit.runners.ParentRunner$3.run(ParentRunner.java:290)
	at org.junit.runners.ParentRunner$1.schedule(ParentRunner.java:71)
	at org.junit.runners.ParentRunner.runChildren(ParentRunner.java:288)
	at org.junit.runners.ParentRunner.access$000(ParentRunner.java:58)
	at org.junit.runners.ParentRunner$2.evaluate(ParentRunner.java:268)
	at org.junit.runners.ParentRunner.run(ParentRunner.java:363)
	at org.junit.runners.Suite.runChild(Suite.java:128)
	at org.junit.runners.Suite.runChild(Suite.java:27)
	at org.junit.runners.ParentRunner$3.run(ParentRunner.java:290)
	at org.junit.runners.ParentRunner$1.schedule(ParentRunner.java:71)
	at org.junit.runners.ParentRunner.runChildren(ParentRunner.java:288)
	at org.junit.runners.ParentRunner.access$000(ParentRunner.java:58)
	at org.junit.runners.ParentRunner$2.evaluate(ParentRunner.java:268)
	at org.junit.runners.ParentRunner.run(ParentRunner.java:363)
	at org.eclipse.jdt.internal.junit4.runner.JUnit4TestReference.run(JUnit4TestReference.java:50)
	at org.eclipse.jdt.internal.junit.runner.TestExecution.run(TestExecution.java:38)
	at org.eclipse.jdt.internal.junit.runner.RemoteTestRunner.runTests(RemoteTestRunner.java:467)
	at org.eclipse.jdt.internal.junit.runner.RemoteTestRunner.runTests(RemoteTestRunner.java:683)
	at org.eclipse.jdt.internal.junit.runner.RemoteTestRunner.run(RemoteTestRunner.java:390)
	at org.eclipse.jdt.internal.junit.runner.RemoteTestRunner.main(RemoteTestRunner.java:197)

</failure>
        </testcase>
      </testsuite>
    </testsuite>
  </testsuite>
</testrun>
